<?xml version="1.0" encoding="UTF-8"?>
<testsuites>
  <testsuite name="fastlane.lanes">
    
    
    
      
      <testcase classname="fastlane.lanes" name="0: default_platform" time="0.000188">
        
      </testcase>
    
      
      <testcase classname="fastlane.lanes" name="1: xcodebuild NYTimes.xcodeproj -scheme NYTimes clean build" time="1.766681">
        
          <failure message="/opt/homebrew/lib/ruby/gems/3.2.0/gems/fastlane-2.219.0/fastlane/lib/fastlane/actions/actions_helper.rb:67:in `execute_action&apos;&#10;/opt/homebrew/lib/ruby/gems/3.2.0/gems/fastlane-2.219.0/fastlane/lib/fastlane/fast_file.rb:222:in `sh&apos;&#10;/opt/homebrew/lib/ruby/gems/3.2.0/gems/fastlane-2.219.0/fastlane/lib/fastlane/fast_file.rb:216:in `sh&apos;&#10;Fastfile:22:in `block (2 levels) in parsing_binding&apos;&#10;/opt/homebrew/lib/ruby/gems/3.2.0/gems/fastlane-2.219.0/fastlane/lib/fastlane/lane.rb:41:in `call&apos;&#10;/opt/homebrew/lib/ruby/gems/3.2.0/gems/fastlane-2.219.0/fastlane/lib/fastlane/runner.rb:49:in `block in execute&apos;&#10;/opt/homebrew/lib/ruby/gems/3.2.0/gems/fastlane-2.219.0/fastlane/lib/fastlane/runner.rb:45:in `chdir&apos;&#10;/opt/homebrew/lib/ruby/gems/3.2.0/gems/fastlane-2.219.0/fastlane/lib/fastlane/runner.rb:45:in `execute&apos;&#10;/opt/homebrew/lib/ruby/gems/3.2.0/gems/fastlane-2.219.0/fastlane/lib/fastlane/lane_manager.rb:46:in `cruise_lane&apos;&#10;/opt/homebrew/lib/ruby/gems/3.2.0/gems/fastlane-2.219.0/fastlane/lib/fastlane/command_line_handler.rb:34:in `handle&apos;&#10;/opt/homebrew/lib/ruby/gems/3.2.0/gems/fastlane-2.219.0/fastlane/lib/fastlane/commands_generator.rb:110:in `block (2 levels) in run&apos;&#10;/opt/homebrew/lib/ruby/gems/3.2.0/gems/commander-4.6.0/lib/commander/command.rb:187:in `call&apos;&#10;/opt/homebrew/lib/ruby/gems/3.2.0/gems/commander-4.6.0/lib/commander/command.rb:157:in `run&apos;&#10;/opt/homebrew/lib/ruby/gems/3.2.0/gems/commander-4.6.0/lib/commander/runner.rb:444:in `run_active_command&apos;&#10;/opt/homebrew/lib/ruby/gems/3.2.0/gems/fastlane-2.219.0/fastlane_core/lib/fastlane_core/ui/fastlane_runner.rb:124:in `run!&apos;&#10;/opt/homebrew/lib/ruby/gems/3.2.0/gems/commander-4.6.0/lib/commander/delegates.rb:18:in `run!&apos;&#10;/opt/homebrew/lib/ruby/gems/3.2.0/gems/fastlane-2.219.0/fastlane/lib/fastlane/commands_generator.rb:354:in `run&apos;&#10;/opt/homebrew/lib/ruby/gems/3.2.0/gems/fastlane-2.219.0/fastlane/lib/fastlane/commands_generator.rb:43:in `start&apos;&#10;/opt/homebrew/lib/ruby/gems/3.2.0/gems/fastlane-2.219.0/fastlane/lib/fastlane/cli_tools_distributor.rb:123:in `take_off&apos;&#10;/opt/homebrew/lib/ruby/gems/3.2.0/gems/fastlane-2.219.0/bin/fastlane:23:in `&lt;top (required)&gt;&apos;&#10;/opt/homebrew/lib/ruby/gems/3.2.0/bin/fastlane:25:in `load&apos;&#10;/opt/homebrew/lib/ruby/gems/3.2.0/bin/fastlane:25:in `&lt;main&gt;&apos;&#10;&#10;Exit status of command &apos;xcodebuild NYTimes.xcodeproj -scheme NYTimes clean build&apos; was 65 instead of 0.&#10;Command line invocation:&#10;    /Users/deepakmaheshwari/Downloads/Xcode.app/Contents/Developer/usr/bin/xcodebuild NYTimes.xcodeproj -scheme NYTimes clean build&#10;&#10;User defaults from command line:&#10;    IDEPackageSupportUseBuiltinSCM = YES&#10;&#10;2024-02-20 17:06:34.329 xcodebuild[29992:541999] Writing error result bundle to /var/folders/03/9szgmxpd0xlf3j9dh9_hpj6m0000gq/T/ResultBundle_2024-20-02_17-06-0034.xcresult&#10;xcodebuild: error: Unknown build action &apos;NYTimes.xcodeproj&apos;.&#10;" />
        
      </testcase>
    
  </testsuite>
</testsuites>
